<!DOCTYPE html PUBLIC "-//W3C//DTD XHTML 1.1//EN" "http://www.w3.org/TR/xhtml11/DTD/xhtml11.dtd">
<html xmlns="http://www.w3.org/1999/xhtml"><head><title>TestNG Report</title><style type="text/css">table {margin-bottom:10px;border-collapse:collapse;empty-cells:show}th,td {border:1px solid #009;padding:.25em .5em}th {vertical-align:bottom}td {vertical-align:top}table a {font-weight:bold}.stripe td {background-color: #E6EBF9}.num {text-align:right}.passedodd td {background-color: #3F3}.passedeven td {background-color: #0A0}.skippedodd td {background-color: #DDD}.skippedeven td {background-color: #CCC}.failedodd td,.attn {background-color: #F33}.failedeven td,.stripe .attn {background-color: #D00}.stacktrace {white-space:pre;font-family:monospace}.totop {font-size:85%;text-align:center;border-bottom:2px solid #000}</style></head><body><table><tr><th>Test</th><th># Passed</th><th># Skipped</th><th># Failed</th><th>Time (ms)</th><th>Included Groups</th><th>Excluded Groups</th></tr><tr><th colspan="7">General Test</th></tr><tr><td><a href="#t0">General Accreditation Test</a></td><td class="num">1</td><td class="num">0</td><td class="num attn">2</td><td class="num">238 932</td><td></td><td></td></tr></table><table><thead><tr><th>Class</th><th>Method</th><th>Start</th><th>Time (ms)</th></tr></thead><tbody><tr><th colspan="4">General Test</th></tr></tbody><tbody id="t0"><tr><th colspan="4">General Accreditation Test &#8212; failed</th></tr><tr class="failedeven"><td rowspan="2">AccreditationTest</td><td><a href="#m0">accreditationTest</a></td><td rowspan="2">1444913131899</td><td rowspan="2">60516</td></tr><tr class="failedeven"><td><a href="#m1">accreditationTest</a></td></tr><tr><th colspan="4">General Accreditation Test &#8212; passed</th></tr><tr class="passedeven"><td rowspan="1">AccreditationTest</td><td><a href="#m2">accreditationTest</a></td><td rowspan="1">1444913209506</td><td rowspan="1">70245</td></tr></tbody></table><h2>General Accreditation Test</h2><h3 id="m0">AccreditationTest#accreditationTest</h3><table class="result"><tr class="param"><th>Parameter #1</th><th>Parameter #2</th><th>Parameter #3</th><th>Parameter #4</th><th>Parameter #5</th><th>Parameter #6</th><th>Parameter #7</th><th>Parameter #8</th><th>Parameter #9</th><th>Parameter #10</th><th>Parameter #11</th><th>Parameter #12</th><th>Parameter #13</th><th>Parameter #14</th><th>Parameter #15</th><th>Parameter #16</th><th>Parameter #17</th><th>Parameter #18</th><th>Parameter #19</th><th>Parameter #20</th><th>Parameter #21</th><th>Parameter #22</th><th>Parameter #23</th><th>Parameter #24</th><th>Parameter #25</th><th>Parameter #26</th><th>Parameter #27</th><th>Parameter #28</th></tr><tr class="param stripe"><td>TC_13</td><td>поставщик</td><td>Физическое лицо</td><td>7</td><td>978</td><td>1111111</td><td>111</td><td>qwe123!@#</td><td>test</td><td>Тест Тест</td><td>Тест Тест</td><td>1111</td><td>111111</td><td>900000</td><td>01.01.2001</td><td>Федеральной миграционной службой</td><td>Мурманская обл.</td><td>-</td><td>г. Мурманск</td><td>-</td><td>пр-кт. Ленина</td><td>183000</td><td>1</td><td>47401000000</td><td>111111111</td><td>11111111111111111111</td><td>Тестовый банк</td><td>Адрес Тестового банка</td></tr><tr><th colspan="28">Messages</th></tr><tr><td colspan="28"><div class="messages">Test Method resides in AccreditationTest<br/>Test Method had the following parameters : TC_13, поставщик, Физическое лицо, 7, 978, 1111111, 111, qwe123!@#, test, Тест Тест, Тест Тест, 1111, 111111, 900000, 01.01.2001, Федеральной миграционной службой, Мурманская обл., -, г. Мурманск, -, пр-кт. Ленина, 183000, 1, 47401000000, 111111111, 11111111111111111111, Тестовый банк, Адрес Тестового банка, <br/>Test Status: Failed</div></td></tr><tr><th colspan="28">Exception</th></tr><tr><td colspan="28"><div class="stacktrace">java.lang.AssertionError: Applicant passport issued by value doesn&apos;t match to application one expected [true] but found [false]
	at pageobjects.AccreditationAcceptPage.checkApplicantPassportIssuedByValue(AccreditationAcceptPage.java:216)
	at commonactions.AccreditationAcceptCommonActions.checkApplicantInfoTabInfo(AccreditationAcceptCommonActions.java:53)
	at AccreditationTest.accreditationTest(AccreditationTest.java:63)
... Removed 30 stack frames</div></td></tr></table><p class="totop"><a href="#summary">back to summary</a></p><h3 id="m1">AccreditationTest#accreditationTest</h3><table class="result"><tr class="param"><th>Parameter #1</th><th>Parameter #2</th><th>Parameter #3</th><th>Parameter #4</th><th>Parameter #5</th><th>Parameter #6</th><th>Parameter #7</th><th>Parameter #8</th><th>Parameter #9</th><th>Parameter #10</th><th>Parameter #11</th><th>Parameter #12</th><th>Parameter #13</th><th>Parameter #14</th><th>Parameter #15</th><th>Parameter #16</th><th>Parameter #17</th><th>Parameter #18</th><th>Parameter #19</th><th>Parameter #20</th><th>Parameter #21</th><th>Parameter #22</th><th>Parameter #23</th><th>Parameter #24</th><th>Parameter #25</th><th>Parameter #26</th><th>Parameter #27</th><th>Parameter #28</th></tr><tr class="param stripe"><td>TC_13</td><td>поставщик</td><td>Физическое лицо</td><td>7</td><td>978</td><td>1111111</td><td>111</td><td>qwe123!@#</td><td>test</td><td>Тест Тест</td><td>Тест Тест</td><td>1111</td><td>111111</td><td>900000</td><td>01.01.2001</td><td>Федеральной миграционной службой</td><td>Мурманская обл.</td><td>-</td><td>г. Мурманск</td><td>-</td><td>пр-кт. Ленина</td><td>183000</td><td>1</td><td>47401000000</td><td>111111111</td><td>11111111111111111111</td><td>Тестовый банк</td><td>Адрес Тестового банка</td></tr><tr><th colspan="28">Messages</th></tr><tr><td colspan="28"><div class="messages">Test Method resides in AccreditationTest<br/>Test Method had the following parameters : TC_13, поставщик, Физическое лицо, 7, 978, 1111111, 111, qwe123!@#, test, Тест Тест, Тест Тест, 1111, 111111, 900000, 01.01.2001, Федеральной миграционной службой, Мурманская обл., -, г. Мурманск, -, пр-кт. Ленина, 183000, 1, 47401000000, 111111111, 11111111111111111111, Тестовый банк, Адрес Тестового банка, <br/>Test Status: Failed</div></td></tr><tr><th colspan="28">Exception</th></tr><tr><td colspan="28"><div class="stacktrace">java.lang.AssertionError: Applicant passport issued by value doesn&apos;t match to application one expected [true] but found [false]
	at pageobjects.AccreditationAcceptPage.checkApplicantPassportIssuedByValue(AccreditationAcceptPage.java:216)
	at commonactions.AccreditationAcceptCommonActions.checkApplicantInfoTabInfo(AccreditationAcceptCommonActions.java:53)
	at AccreditationTest.accreditationTest(AccreditationTest.java:63)
... Removed 30 stack frames</div></td></tr></table><p class="totop"><a href="#summary">back to summary</a></p><h3 id="m2">AccreditationTest#accreditationTest</h3><table class="result"><tr class="param"><th>Parameter #1</th><th>Parameter #2</th><th>Parameter #3</th><th>Parameter #4</th><th>Parameter #5</th><th>Parameter #6</th><th>Parameter #7</th><th>Parameter #8</th><th>Parameter #9</th><th>Parameter #10</th><th>Parameter #11</th><th>Parameter #12</th><th>Parameter #13</th><th>Parameter #14</th><th>Parameter #15</th><th>Parameter #16</th><th>Parameter #17</th><th>Parameter #18</th><th>Parameter #19</th><th>Parameter #20</th><th>Parameter #21</th><th>Parameter #22</th><th>Parameter #23</th><th>Parameter #24</th><th>Parameter #25</th><th>Parameter #26</th><th>Parameter #27</th><th>Parameter #28</th></tr><tr class="param stripe"><td>TC_14</td><td>заказчик</td><td>Юридическое лицо</td><td>7</td><td>978</td><td>1111111</td><td>111</td><td>qwe123!@#</td><td>test</td><td>Тест Тест</td><td>Тест Тест</td><td></td><td></td><td></td><td></td><td></td><td>Мурманская обл.</td><td>-</td><td>г. Мурманск</td><td>-</td><td>пр-кт. Ленина</td><td>183000</td><td>1</td><td>47401000000</td><td>111111111</td><td>11111111111111111111</td><td>Тестовый банк</td><td>Адрес Тестового банка</td></tr><tr><th colspan="28">Messages</th></tr><tr><td colspan="28"><div class="messages">Test Method resides in AccreditationTest<br/>Test Method had the following parameters : TC_14, заказчик, Юридическое лицо, 7, 978, 1111111, 111, qwe123!@#, test, Тест Тест, Тест Тест, , , , , , Мурманская обл., -, г. Мурманск, -, пр-кт. Ленина, 183000, 1, 47401000000, 111111111, 11111111111111111111, Тестовый банк, Адрес Тестового банка, <br/>Test Status: Pass</div></td></tr></table><p class="totop"><a href="#summary">back to summary</a></p></body></html>