<?xml version="1.0" encoding="UTF-8"?>
<testng-results skipped="0" failed="2" total="3" passed="1">
  <reporter-output>
    <line>
      <![CDATA[Test Method resides in AccreditationTest]]>
    </line>
    <line>
      <![CDATA[Test Method had the following parameters : TC_13, поставщик, Физическое лицо, 7, 978, 1111111, 111, qwe123!@#, test, Тест Тест, Тест Тест, 1111, 111111, 900000, 01.01.2001, Федеральной миграционной службой, Мурманская обл., -, г. Мурманск, -, пр-кт. Ленина, 183000, 1, 47401000000, 111111111, 11111111111111111111, Тестовый банк, Адрес Тестового банка, ]]>
    </line>
    <line>
      <![CDATA[Test Status: Failed]]>
    </line>
    <line>
      <![CDATA[Test Method resides in AccreditationTest]]>
    </line>
    <line>
      <![CDATA[Test Method had the following parameters : TC_13, поставщик, Физическое лицо, 7, 978, 1111111, 111, qwe123!@#, test, Тест Тест, Тест Тест, 1111, 111111, 900000, 01.01.2001, Федеральной миграционной службой, Мурманская обл., -, г. Мурманск, -, пр-кт. Ленина, 183000, 1, 47401000000, 111111111, 11111111111111111111, Тестовый банк, Адрес Тестового банка, ]]>
    </line>
    <line>
      <![CDATA[Test Status: Failed]]>
    </line>
    <line>
      <![CDATA[Test Method resides in AccreditationTest]]>
    </line>
    <line>
      <![CDATA[Test Method had the following parameters : TC_14, заказчик, Юридическое лицо, 7, 978, 1111111, 111, qwe123!@#, test, Тест Тест, Тест Тест, , , , , , Мурманская обл., -, г. Мурманск, -, пр-кт. Ленина, 183000, 1, 47401000000, 111111111, 11111111111111111111, Тестовый банк, Адрес Тестового банка, ]]>
    </line>
    <line>
      <![CDATA[Test Status: Pass]]>
    </line>
  </reporter-output>
  <suite name="General Test" duration-ms="238932" started-at="2015-10-15T12:44:03Z" finished-at="2015-10-15T12:48:02Z">
    <groups>
    </groups>
    <test name="General Accreditation Test" duration-ms="238932" started-at="2015-10-15T12:44:03Z" finished-at="2015-10-15T12:48:02Z">
      <class name="AccreditationTest">
        <test-method status="PASS" signature="setUp()[pri:0, instance:AccreditationTest@6dbd984]" name="setUp" is-config="true" duration-ms="12619" started-at="2015-10-15T15:44:03Z" finished-at="2015-10-15T15:44:15Z">
          <reporter-output>
          </reporter-output>
        </test-method> <!-- setUp -->
        <test-method status="FAIL" signature="accreditationTest(java.lang.String, java.lang.String, java.lang.String, java.lang.String, java.lang.String, java.lang.String, java.lang.String, java.lang.String, java.lang.String, java.lang.String, java.lang.String, java.lang.String, java.lang.String, java.lang.String, java.lang.String, java.lang.String, java.lang.String, java.lang.String, java.lang.String, java.lang.String, java.lang.String, java.lang.String, java.lang.String, java.lang.String, java.lang.String, java.lang.String, java.lang.String, java.lang.String)[pri:0, instance:AccreditationTest@6dbd984]" name="accreditationTest" duration-ms="60809" started-at="2015-10-15T15:44:15Z" data-provider="accreditationData" finished-at="2015-10-15T15:45:16Z">
          <params>
            <param index="0">
              <value>
                <![CDATA[TC_13]]>
              </value>
            </param>
            <param index="1">
              <value>
                <![CDATA[поставщик]]>
              </value>
            </param>
            <param index="2">
              <value>
                <![CDATA[Физическое лицо]]>
              </value>
            </param>
            <param index="3">
              <value>
                <![CDATA[7]]>
              </value>
            </param>
            <param index="4">
              <value>
                <![CDATA[978]]>
              </value>
            </param>
            <param index="5">
              <value>
                <![CDATA[1111111]]>
              </value>
            </param>
            <param index="6">
              <value>
                <![CDATA[111]]>
              </value>
            </param>
            <param index="7">
              <value>
                <![CDATA[qwe123!@#]]>
              </value>
            </param>
            <param index="8">
              <value>
                <![CDATA[test]]>
              </value>
            </param>
            <param index="9">
              <value>
                <![CDATA[Тест Тест]]>
              </value>
            </param>
            <param index="10">
              <value>
                <![CDATA[Тест Тест]]>
              </value>
            </param>
            <param index="11">
              <value>
                <![CDATA[1111]]>
              </value>
            </param>
            <param index="12">
              <value>
                <![CDATA[111111]]>
              </value>
            </param>
            <param index="13">
              <value>
                <![CDATA[900000]]>
              </value>
            </param>
            <param index="14">
              <value>
                <![CDATA[01.01.2001]]>
              </value>
            </param>
            <param index="15">
              <value>
                <![CDATA[Федеральной миграционной службой]]>
              </value>
            </param>
            <param index="16">
              <value>
                <![CDATA[Мурманская обл.]]>
              </value>
            </param>
            <param index="17">
              <value>
                <![CDATA[-]]>
              </value>
            </param>
            <param index="18">
              <value>
                <![CDATA[г. Мурманск]]>
              </value>
            </param>
            <param index="19">
              <value>
                <![CDATA[-]]>
              </value>
            </param>
            <param index="20">
              <value>
                <![CDATA[пр-кт. Ленина]]>
              </value>
            </param>
            <param index="21">
              <value>
                <![CDATA[183000]]>
              </value>
            </param>
            <param index="22">
              <value>
                <![CDATA[1]]>
              </value>
            </param>
            <param index="23">
              <value>
                <![CDATA[47401000000]]>
              </value>
            </param>
            <param index="24">
              <value>
                <![CDATA[111111111]]>
              </value>
            </param>
            <param index="25">
              <value>
                <![CDATA[11111111111111111111]]>
              </value>
            </param>
            <param index="26">
              <value>
                <![CDATA[Тестовый банк]]>
              </value>
            </param>
            <param index="27">
              <value>
                <![CDATA[Адрес Тестового банка]]>
              </value>
            </param>
          </params>
          <exception class="java.lang.AssertionError">
            <message>
              <![CDATA[Applicant passport issued by value doesn't match to application one expected [true] but found [false]]]>
            </message>
            <full-stacktrace>
              <![CDATA[java.lang.AssertionError: Applicant passport issued by value doesn't match to application one expected [true] but found [false]
	at org.testng.Assert.fail(Assert.java:94)
	at org.testng.Assert.failNotEquals(Assert.java:494)
	at org.testng.Assert.assertTrue(Assert.java:42)
	at pageobjects.AccreditationAcceptPage.checkApplicantPassportIssuedByValue(AccreditationAcceptPage.java:216)
	at commonactions.AccreditationAcceptCommonActions.checkApplicantInfoTabInfo(AccreditationAcceptCommonActions.java:53)
	at AccreditationTest.accreditationTest(AccreditationTest.java:63)
	at sun.reflect.NativeMethodAccessorImpl.invoke0(Native Method)
	at sun.reflect.NativeMethodAccessorImpl.invoke(NativeMethodAccessorImpl.java:57)
	at sun.reflect.DelegatingMethodAccessorImpl.invoke(DelegatingMethodAccessorImpl.java:43)
	at java.lang.reflect.Method.invoke(Method.java:606)
	at org.testng.internal.MethodInvocationHelper.invokeMethod(MethodInvocationHelper.java:84)
	at org.testng.internal.Invoker.invokeMethod(Invoker.java:714)
	at org.testng.internal.Invoker.invokeTestMethod(Invoker.java:901)
	at org.testng.internal.Invoker.invokeTestMethods(Invoker.java:1231)
	at org.testng.internal.TestMethodWorker.invokeTestMethods(TestMethodWorker.java:127)
	at org.testng.internal.TestMethodWorker.run(TestMethodWorker.java:111)
	at org.testng.TestRunner.privateRun(TestRunner.java:767)
	at org.testng.TestRunner.run(TestRunner.java:617)
	at org.testng.SuiteRunner.runTest(SuiteRunner.java:334)
	at org.testng.SuiteRunner.runSequentially(SuiteRunner.java:329)
	at org.testng.SuiteRunner.privateRun(SuiteRunner.java:291)
	at org.testng.SuiteRunner.run(SuiteRunner.java:240)
	at org.testng.SuiteRunnerWorker.runSuite(SuiteRunnerWorker.java:52)
	at org.testng.SuiteRunnerWorker.run(SuiteRunnerWorker.java:86)
	at org.testng.TestNG.runSuitesSequentially(TestNG.java:1224)
	at org.testng.TestNG.runSuitesLocally(TestNG.java:1149)
	at org.testng.TestNG.run(TestNG.java:1057)
	at org.apache.maven.surefire.testng.TestNGExecutor.run(TestNGExecutor.java:217)
	at org.apache.maven.surefire.testng.TestNGXmlTestSuite.execute(TestNGXmlTestSuite.java:84)
	at org.apache.maven.surefire.testng.TestNGProvider.invoke(TestNGProvider.java:92)
	at org.apache.maven.surefire.booter.ForkedBooter.invokeProviderInSameClassLoader(ForkedBooter.java:200)
	at org.apache.maven.surefire.booter.ForkedBooter.runSuitesInProcess(ForkedBooter.java:153)
	at org.apache.maven.surefire.booter.ForkedBooter.main(ForkedBooter.java:103)
]]>
            </full-stacktrace>
          </exception> <!-- java.lang.AssertionError -->
          <reporter-output>
            <line>
              <![CDATA[Test Method resides in AccreditationTest]]>
            </line>
            <line>
              <![CDATA[Test Method had the following parameters : TC_13, поставщик, Физическое лицо, 7, 978, 1111111, 111, qwe123!@#, test, Тест Тест, Тест Тест, 1111, 111111, 900000, 01.01.2001, Федеральной миграционной службой, Мурманская обл., -, г. Мурманск, -, пр-кт. Ленина, 183000, 1, 47401000000, 111111111, 11111111111111111111, Тестовый банк, Адрес Тестового банка, ]]>
            </line>
            <line>
              <![CDATA[Test Status: Failed]]>
            </line>
          </reporter-output>
        </test-method> <!-- accreditationTest -->
        <test-method status="PASS" signature="tearDown()[pri:0, instance:AccreditationTest@6dbd984]" name="tearDown" is-config="true" duration-ms="3320" started-at="2015-10-15T15:45:16Z" finished-at="2015-10-15T15:45:20Z">
          <reporter-output>
          </reporter-output>
        </test-method> <!-- tearDown -->
        <test-method status="PASS" signature="setUp()[pri:0, instance:AccreditationTest@6dbd984]" name="setUp" is-config="true" duration-ms="11731" started-at="2015-10-15T15:45:20Z" finished-at="2015-10-15T15:45:31Z">
          <reporter-output>
          </reporter-output>
        </test-method> <!-- setUp -->
        <test-method status="FAIL" signature="accreditationTest(java.lang.String, java.lang.String, java.lang.String, java.lang.String, java.lang.String, java.lang.String, java.lang.String, java.lang.String, java.lang.String, java.lang.String, java.lang.String, java.lang.String, java.lang.String, java.lang.String, java.lang.String, java.lang.String, java.lang.String, java.lang.String, java.lang.String, java.lang.String, java.lang.String, java.lang.String, java.lang.String, java.lang.String, java.lang.String, java.lang.String, java.lang.String, java.lang.String)[pri:0, instance:AccreditationTest@6dbd984]" name="accreditationTest" duration-ms="60516" started-at="2015-10-15T15:45:31Z" data-provider="accreditationData" finished-at="2015-10-15T15:46:32Z">
          <params>
            <param index="0">
              <value>
                <![CDATA[TC_13]]>
              </value>
            </param>
            <param index="1">
              <value>
                <![CDATA[поставщик]]>
              </value>
            </param>
            <param index="2">
              <value>
                <![CDATA[Физическое лицо]]>
              </value>
            </param>
            <param index="3">
              <value>
                <![CDATA[7]]>
              </value>
            </param>
            <param index="4">
              <value>
                <![CDATA[978]]>
              </value>
            </param>
            <param index="5">
              <value>
                <![CDATA[1111111]]>
              </value>
            </param>
            <param index="6">
              <value>
                <![CDATA[111]]>
              </value>
            </param>
            <param index="7">
              <value>
                <![CDATA[qwe123!@#]]>
              </value>
            </param>
            <param index="8">
              <value>
                <![CDATA[test]]>
              </value>
            </param>
            <param index="9">
              <value>
                <![CDATA[Тест Тест]]>
              </value>
            </param>
            <param index="10">
              <value>
                <![CDATA[Тест Тест]]>
              </value>
            </param>
            <param index="11">
              <value>
                <![CDATA[1111]]>
              </value>
            </param>
            <param index="12">
              <value>
                <![CDATA[111111]]>
              </value>
            </param>
            <param index="13">
              <value>
                <![CDATA[900000]]>
              </value>
            </param>
            <param index="14">
              <value>
                <![CDATA[01.01.2001]]>
              </value>
            </param>
            <param index="15">
              <value>
                <![CDATA[Федеральной миграционной службой]]>
              </value>
            </param>
            <param index="16">
              <value>
                <![CDATA[Мурманская обл.]]>
              </value>
            </param>
            <param index="17">
              <value>
                <![CDATA[-]]>
              </value>
            </param>
            <param index="18">
              <value>
                <![CDATA[г. Мурманск]]>
              </value>
            </param>
            <param index="19">
              <value>
                <![CDATA[-]]>
              </value>
            </param>
            <param index="20">
              <value>
                <![CDATA[пр-кт. Ленина]]>
              </value>
            </param>
            <param index="21">
              <value>
                <![CDATA[183000]]>
              </value>
            </param>
            <param index="22">
              <value>
                <![CDATA[1]]>
              </value>
            </param>
            <param index="23">
              <value>
                <![CDATA[47401000000]]>
              </value>
            </param>
            <param index="24">
              <value>
                <![CDATA[111111111]]>
              </value>
            </param>
            <param index="25">
              <value>
                <![CDATA[11111111111111111111]]>
              </value>
            </param>
            <param index="26">
              <value>
                <![CDATA[Тестовый банк]]>
              </value>
            </param>
            <param index="27">
              <value>
                <![CDATA[Адрес Тестового банка]]>
              </value>
            </param>
          </params>
          <exception class="java.lang.AssertionError">
            <message>
              <![CDATA[Applicant passport issued by value doesn't match to application one expected [true] but found [false]]]>
            </message>
            <full-stacktrace>
              <![CDATA[java.lang.AssertionError: Applicant passport issued by value doesn't match to application one expected [true] but found [false]
	at org.testng.Assert.fail(Assert.java:94)
	at org.testng.Assert.failNotEquals(Assert.java:494)
	at org.testng.Assert.assertTrue(Assert.java:42)
	at pageobjects.AccreditationAcceptPage.checkApplicantPassportIssuedByValue(AccreditationAcceptPage.java:216)
	at commonactions.AccreditationAcceptCommonActions.checkApplicantInfoTabInfo(AccreditationAcceptCommonActions.java:53)
	at AccreditationTest.accreditationTest(AccreditationTest.java:63)
	at sun.reflect.NativeMethodAccessorImpl.invoke0(Native Method)
	at sun.reflect.NativeMethodAccessorImpl.invoke(NativeMethodAccessorImpl.java:57)
	at sun.reflect.DelegatingMethodAccessorImpl.invoke(DelegatingMethodAccessorImpl.java:43)
	at java.lang.reflect.Method.invoke(Method.java:606)
	at org.testng.internal.MethodInvocationHelper.invokeMethod(MethodInvocationHelper.java:84)
	at org.testng.internal.Invoker.invokeMethod(Invoker.java:714)
	at org.testng.internal.Invoker.retryFailed(Invoker.java:1049)
	at org.testng.internal.Invoker.invokeTestMethods(Invoker.java:1254)
	at org.testng.internal.TestMethodWorker.invokeTestMethods(TestMethodWorker.java:127)
	at org.testng.internal.TestMethodWorker.run(TestMethodWorker.java:111)
	at org.testng.TestRunner.privateRun(TestRunner.java:767)
	at org.testng.TestRunner.run(TestRunner.java:617)
	at org.testng.SuiteRunner.runTest(SuiteRunner.java:334)
	at org.testng.SuiteRunner.runSequentially(SuiteRunner.java:329)
	at org.testng.SuiteRunner.privateRun(SuiteRunner.java:291)
	at org.testng.SuiteRunner.run(SuiteRunner.java:240)
	at org.testng.SuiteRunnerWorker.runSuite(SuiteRunnerWorker.java:52)
	at org.testng.SuiteRunnerWorker.run(SuiteRunnerWorker.java:86)
	at org.testng.TestNG.runSuitesSequentially(TestNG.java:1224)
	at org.testng.TestNG.runSuitesLocally(TestNG.java:1149)
	at org.testng.TestNG.run(TestNG.java:1057)
	at org.apache.maven.surefire.testng.TestNGExecutor.run(TestNGExecutor.java:217)
	at org.apache.maven.surefire.testng.TestNGXmlTestSuite.execute(TestNGXmlTestSuite.java:84)
	at org.apache.maven.surefire.testng.TestNGProvider.invoke(TestNGProvider.java:92)
	at org.apache.maven.surefire.booter.ForkedBooter.invokeProviderInSameClassLoader(ForkedBooter.java:200)
	at org.apache.maven.surefire.booter.ForkedBooter.runSuitesInProcess(ForkedBooter.java:153)
	at org.apache.maven.surefire.booter.ForkedBooter.main(ForkedBooter.java:103)
]]>
            </full-stacktrace>
          </exception> <!-- java.lang.AssertionError -->
          <reporter-output>
            <line>
              <![CDATA[Test Method resides in AccreditationTest]]>
            </line>
            <line>
              <![CDATA[Test Method had the following parameters : TC_13, поставщик, Физическое лицо, 7, 978, 1111111, 111, qwe123!@#, test, Тест Тест, Тест Тест, 1111, 111111, 900000, 01.01.2001, Федеральной миграционной службой, Мурманская обл., -, г. Мурманск, -, пр-кт. Ленина, 183000, 1, 47401000000, 111111111, 11111111111111111111, Тестовый банк, Адрес Тестового банка, ]]>
            </line>
            <line>
              <![CDATA[Test Status: Failed]]>
            </line>
          </reporter-output>
        </test-method> <!-- accreditationTest -->
        <test-method status="PASS" signature="tearDown()[pri:0, instance:AccreditationTest@6dbd984]" name="tearDown" is-config="true" duration-ms="3978" started-at="2015-10-15T15:46:33Z" finished-at="2015-10-15T15:46:37Z">
          <reporter-output>
          </reporter-output>
        </test-method> <!-- tearDown -->
        <test-method status="PASS" signature="setUp()[pri:0, instance:AccreditationTest@6dbd984]" name="setUp" is-config="true" duration-ms="11975" started-at="2015-10-15T15:46:37Z" finished-at="2015-10-15T15:46:49Z">
          <reporter-output>
          </reporter-output>
        </test-method> <!-- setUp -->
        <test-method status="PASS" signature="accreditationTest(java.lang.String, java.lang.String, java.lang.String, java.lang.String, java.lang.String, java.lang.String, java.lang.String, java.lang.String, java.lang.String, java.lang.String, java.lang.String, java.lang.String, java.lang.String, java.lang.String, java.lang.String, java.lang.String, java.lang.String, java.lang.String, java.lang.String, java.lang.String, java.lang.String, java.lang.String, java.lang.String, java.lang.String, java.lang.String, java.lang.String, java.lang.String, java.lang.String)[pri:0, instance:AccreditationTest@6dbd984]" name="accreditationTest" duration-ms="70245" started-at="2015-10-15T15:46:49Z" data-provider="accreditationData" finished-at="2015-10-15T15:47:59Z">
          <params>
            <param index="0">
              <value>
                <![CDATA[TC_14]]>
              </value>
            </param>
            <param index="1">
              <value>
                <![CDATA[заказчик]]>
              </value>
            </param>
            <param index="2">
              <value>
                <![CDATA[Юридическое лицо]]>
              </value>
            </param>
            <param index="3">
              <value>
                <![CDATA[7]]>
              </value>
            </param>
            <param index="4">
              <value>
                <![CDATA[978]]>
              </value>
            </param>
            <param index="5">
              <value>
                <![CDATA[1111111]]>
              </value>
            </param>
            <param index="6">
              <value>
                <![CDATA[111]]>
              </value>
            </param>
            <param index="7">
              <value>
                <![CDATA[qwe123!@#]]>
              </value>
            </param>
            <param index="8">
              <value>
                <![CDATA[test]]>
              </value>
            </param>
            <param index="9">
              <value>
                <![CDATA[Тест Тест]]>
              </value>
            </param>
            <param index="10">
              <value>
                <![CDATA[Тест Тест]]>
              </value>
            </param>
            <param index="11">
              <value>
                <![CDATA[]]>
              </value>
            </param>
            <param index="12">
              <value>
                <![CDATA[]]>
              </value>
            </param>
            <param index="13">
              <value>
                <![CDATA[]]>
              </value>
            </param>
            <param index="14">
              <value>
                <![CDATA[]]>
              </value>
            </param>
            <param index="15">
              <value>
                <![CDATA[]]>
              </value>
            </param>
            <param index="16">
              <value>
                <![CDATA[Мурманская обл.]]>
              </value>
            </param>
            <param index="17">
              <value>
                <![CDATA[-]]>
              </value>
            </param>
            <param index="18">
              <value>
                <![CDATA[г. Мурманск]]>
              </value>
            </param>
            <param index="19">
              <value>
                <![CDATA[-]]>
              </value>
            </param>
            <param index="20">
              <value>
                <![CDATA[пр-кт. Ленина]]>
              </value>
            </param>
            <param index="21">
              <value>
                <![CDATA[183000]]>
              </value>
            </param>
            <param index="22">
              <value>
                <![CDATA[1]]>
              </value>
            </param>
            <param index="23">
              <value>
                <![CDATA[47401000000]]>
              </value>
            </param>
            <param index="24">
              <value>
                <![CDATA[111111111]]>
              </value>
            </param>
            <param index="25">
              <value>
                <![CDATA[11111111111111111111]]>
              </value>
            </param>
            <param index="26">
              <value>
                <![CDATA[Тестовый банк]]>
              </value>
            </param>
            <param index="27">
              <value>
                <![CDATA[Адрес Тестового банка]]>
              </value>
            </param>
          </params>
          <reporter-output>
            <line>
              <![CDATA[Test Method resides in AccreditationTest]]>
            </line>
            <line>
              <![CDATA[Test Method had the following parameters : TC_14, заказчик, Юридическое лицо, 7, 978, 1111111, 111, qwe123!@#, test, Тест Тест, Тест Тест, , , , , , Мурманская обл., -, г. Мурманск, -, пр-кт. Ленина, 183000, 1, 47401000000, 111111111, 11111111111111111111, Тестовый банк, Адрес Тестового банка, ]]>
            </line>
            <line>
              <![CDATA[Test Status: Pass]]>
            </line>
          </reporter-output>
        </test-method> <!-- accreditationTest -->
        <test-method status="PASS" signature="tearDown()[pri:0, instance:AccreditationTest@6dbd984]" name="tearDown" is-config="true" duration-ms="2287" started-at="2015-10-15T15:47:59Z" finished-at="2015-10-15T15:48:02Z">
          <reporter-output>
          </reporter-output>
        </test-method> <!-- tearDown -->
      </class> <!-- AccreditationTest -->
    </test> <!-- General Accreditation Test -->
  </suite> <!-- General Test -->
</testng-results>
